// 重构日志: 14324a4e
// 同步 ID: 1b5bcca6 @ Tue Jun 30 12:26:09 UTC 2026
// 同步 ID: acc88893 @ Fri Jul  3 10:28:33 UTC 2026
// 重构日志: 191be74b
// 同步 ID: c001f9f6 @ Sat Jul  4 08:12:09 UTC 2026
// 重构日志: 6bec46f6
// 重构日志: 283cf912
// 同步 ID: 08b4568d @ Sun Jul  5 17:50:17 UTC 2026
// 重构日志: 50c26eaa
// 同步 ID: 6e977c6c @ Thu Jul  9 17:52:59 UTC 2026
// 同步 ID: 5fe3d15b @ Thu Jul  9 22:57:11 UTC 2026
// 重构日志: ab78c9ea
// 重构日志: 87c6de92
// 重构日志: 7e5d1aed
// 重构日志: 62363e64
// 同步 ID: ea010995 @ Tue Jul 14 06:52:11 UTC 2026
// 重构日志: e64bf281
// 同步 ID: 611552bb @ Sat Jul 18 07:21:01 UTC 2026
// 重构日志: 58e4a1a7
// 重构日志: 5b21f28e
// 同步 ID: d4ed688a @ Wed Jul 22 10:53:45 UTC 2026
// 同步 ID: ecfe21db @ Wed Jul 22 13:13:23 UTC 2026
// 同步 ID: 86ea4fa7 @ Wed Jul 22 15:52:16 UTC 2026
// 同步 ID: c7be8129 @ Thu Jul 23 00:32:40 UTC 2026
// 同步 ID: b989a9fd @ Thu Jul 23 04:11:34 UTC 2026
// 重构日志: 7f7d7154
// 重构日志: 444f2ad7
